mode: set
github.com/jonassiebler/chatmate/internal/manager/chatmate.go:100.53,106.44 3 1
github.com/jonassiebler/chatmate/internal/manager/chatmate.go:106.44,108.69 1 1
github.com/jonassiebler/chatmate/internal/manager/chatmate.go:108.69,111.4 2 1
github.com/jonassiebler/chatmate/internal/manager/chatmate.go:115.2,115.21 1 1
github.com/jonassiebler/chatmate/internal/manager/chatmate.go:115.21,117.17 2 0
github.com/jonassiebler/chatmate/internal/manager/chatmate.go:117.17,119.4 1 0
github.com/jonassiebler/chatmate/internal/manager/chatmate.go:120.3,123.71 2 0
github.com/jonassiebler/chatmate/internal/manager/chatmate.go:123.71,126.4 1 0
github.com/jonassiebler/chatmate/internal/manager/chatmate.go:129.2,132.16 3 1
github.com/jonassiebler/chatmate/internal/manager/chatmate.go:132.16,134.3 1 0
github.com/jonassiebler/chatmate/internal/manager/chatmate.go:137.2,151.21 7 1
github.com/jonassiebler/chatmate/internal/manager/chatmate.go:155.58,157.2 1 1
github.com/jonassiebler/chatmate/internal/manager/chatmate.go:160.62,162.2 1 1
github.com/jonassiebler/chatmate/internal/manager/chatmate.go:165.52,167.2 1 1
github.com/jonassiebler/chatmate/internal/manager/chatmate.go:170.58,172.2 1 1
github.com/jonassiebler/chatmate/internal/manager/chatmate.go:175.52,177.2 1 1
github.com/jonassiebler/chatmate/internal/manager/chatmate.go:188.70,189.20 1 1
github.com/jonassiebler/chatmate/internal/manager/chatmate.go:189.20,192.3 1 1
github.com/jonassiebler/chatmate/internal/manager/chatmate.go:195.2,196.16 2 1
github.com/jonassiebler/chatmate/internal/manager/chatmate.go:196.16,198.3 1 0
github.com/jonassiebler/chatmate/internal/manager/chatmate.go:200.2,201.29 2 1
github.com/jonassiebler/chatmate/internal/manager/chatmate.go:201.29,202.70 1 1
github.com/jonassiebler/chatmate/internal/manager/chatmate.go:202.70,204.4 1 1
github.com/jonassiebler/chatmate/internal/manager/chatmate.go:207.2,207.23 1 1
github.com/jonassiebler/chatmate/internal/manager/chatmate.go:219.70,221.16 2 1
github.com/jonassiebler/chatmate/internal/manager/chatmate.go:221.16,223.3 1 0
github.com/jonassiebler/chatmate/internal/manager/chatmate.go:225.2,226.29 2 1
github.com/jonassiebler/chatmate/internal/manager/chatmate.go:226.29,227.70 1 1
github.com/jonassiebler/chatmate/internal/manager/chatmate.go:227.70,229.4 1 1
github.com/jonassiebler/chatmate/internal/manager/chatmate.go:232.2,232.23 1 1
github.com/jonassiebler/chatmate/internal/manager/chatmate.go:246.67,251.44 2 1
github.com/jonassiebler/chatmate/internal/manager/chatmate.go:251.44,253.3 1 0
github.com/jonassiebler/chatmate/internal/manager/chatmate.go:255.2,255.13 1 1
github.com/jonassiebler/chatmate/internal/manager/installer.go:19.70,21.2 1 1
github.com/jonassiebler/chatmate/internal/manager/installer.go:42.57,44.16 2 0
github.com/jonassiebler/chatmate/internal/manager/installer.go:44.16,46.3 1 0
github.com/jonassiebler/chatmate/internal/manager/installer.go:48.2,48.34 1 0
github.com/jonassiebler/chatmate/internal/manager/installer.go:48.34,51.3 2 0
github.com/jonassiebler/chatmate/internal/manager/installer.go:53.2,55.46 2 0
github.com/jonassiebler/chatmate/internal/manager/installer.go:55.46,56.60 1 0
github.com/jonassiebler/chatmate/internal/manager/installer.go:56.60,58.4 1 0
github.com/jonassiebler/chatmate/internal/manager/installer.go:61.2,61.12 1 0
github.com/jonassiebler/chatmate/internal/manager/installer.go:85.83,86.26 1 0
github.com/jonassiebler/chatmate/internal/manager/installer.go:86.26,89.3 2 0
github.com/jonassiebler/chatmate/internal/manager/installer.go:91.2,92.16 2 0
github.com/jonassiebler/chatmate/internal/manager/installer.go:92.16,94.3 1 0
github.com/jonassiebler/chatmate/internal/manager/installer.go:97.2,98.46 2 0
github.com/jonassiebler/chatmate/internal/manager/installer.go:98.46,101.3 2 0
github.com/jonassiebler/chatmate/internal/manager/installer.go:103.2,106.39 2 0
github.com/jonassiebler/chatmate/internal/manager/installer.go:106.39,107.58 1 0
github.com/jonassiebler/chatmate/internal/manager/installer.go:107.58,108.61 1 0
github.com/jonassiebler/chatmate/internal/manager/installer.go:108.61,110.5 1 0
github.com/jonassiebler/chatmate/internal/manager/installer.go:111.9,113.4 1 0
github.com/jonassiebler/chatmate/internal/manager/installer.go:116.2,116.12 1 0
github.com/jonassiebler/chatmate/internal/manager/installer.go:137.79,139.68 1 1
github.com/jonassiebler/chatmate/internal/manager/installer.go:139.68,141.3 1 0
github.com/jonassiebler/chatmate/internal/manager/installer.go:144.2,144.58 1 1
github.com/jonassiebler/chatmate/internal/manager/installer.go:144.58,146.3 1 0
github.com/jonassiebler/chatmate/internal/manager/installer.go:149.2,154.12 3 1
github.com/jonassiebler/chatmate/internal/manager/installer.go:154.12,155.46 1 1
github.com/jonassiebler/chatmate/internal/manager/installer.go:155.46,158.4 2 1
github.com/jonassiebler/chatmate/internal/manager/installer.go:162.2,165.27 3 1
github.com/jonassiebler/chatmate/internal/manager/installer.go:165.27,168.17 2 0
github.com/jonassiebler/chatmate/internal/manager/installer.go:168.17,170.4 1 0
github.com/jonassiebler/chatmate/internal/manager/installer.go:171.8,175.17 3 1
github.com/jonassiebler/chatmate/internal/manager/installer.go:175.17,177.4 1 0
github.com/jonassiebler/chatmate/internal/manager/installer.go:181.2,181.78 1 1
github.com/jonassiebler/chatmate/internal/manager/installer.go:181.78,183.3 1 0
github.com/jonassiebler/chatmate/internal/manager/installer.go:186.2,186.82 1 1
github.com/jonassiebler/chatmate/internal/manager/installer.go:186.82,188.3 1 0
github.com/jonassiebler/chatmate/internal/manager/installer.go:191.2,191.62 1 1
github.com/jonassiebler/chatmate/internal/manager/installer.go:191.62,193.3 1 0
github.com/jonassiebler/chatmate/internal/manager/installer.go:196.2,197.11 2 1
github.com/jonassiebler/chatmate/internal/manager/installer.go:197.11,198.46 1 1
github.com/jonassiebler/chatmate/internal/manager/installer.go:198.46,200.4 1 1
github.com/jonassiebler/chatmate/internal/manager/installer.go:203.2,204.12 2 1
github.com/jonassiebler/chatmate/internal/manager/lister.go:16.64,18.2 1 1
github.com/jonassiebler/chatmate/internal/manager/lister.go:34.41,36.16 2 0
github.com/jonassiebler/chatmate/internal/manager/lister.go:36.16,38.3 1 0
github.com/jonassiebler/chatmate/internal/manager/lister.go:40.2,41.16 2 0
github.com/jonassiebler/chatmate/internal/manager/lister.go:41.16,43.3 1 0
github.com/jonassiebler/chatmate/internal/manager/lister.go:46.2,47.46 2 0
github.com/jonassiebler/chatmate/internal/manager/lister.go:47.46,49.3 1 0
github.com/jonassiebler/chatmate/internal/manager/lister.go:51.2,53.34 2 0
github.com/jonassiebler/chatmate/internal/manager/lister.go:53.34,56.3 2 0
github.com/jonassiebler/chatmate/internal/manager/lister.go:59.2,62.46 2 0
github.com/jonassiebler/chatmate/internal/manager/lister.go:62.46,64.29 2 0
github.com/jonassiebler/chatmate/internal/manager/lister.go:64.29,66.4 1 0
github.com/jonassiebler/chatmate/internal/manager/lister.go:66.9,68.4 1 0
github.com/jonassiebler/chatmate/internal/manager/lister.go:72.2,76.12 4 0
github.com/jonassiebler/chatmate/internal/manager/lister.go:93.47,95.16 2 0
github.com/jonassiebler/chatmate/internal/manager/lister.go:95.16,97.3 1 0
github.com/jonassiebler/chatmate/internal/manager/lister.go:99.2,101.34 2 0
github.com/jonassiebler/chatmate/internal/manager/lister.go:101.34,104.3 2 0
github.com/jonassiebler/chatmate/internal/manager/lister.go:107.2,110.46 2 0
github.com/jonassiebler/chatmate/internal/manager/lister.go:110.46,113.3 2 0
github.com/jonassiebler/chatmate/internal/manager/lister.go:115.2,116.12 2 0
github.com/jonassiebler/chatmate/internal/manager/lister.go:133.47,135.16 2 0
github.com/jonassiebler/chatmate/internal/manager/lister.go:135.16,137.3 1 0
github.com/jonassiebler/chatmate/internal/manager/lister.go:139.2,141.34 2 0
github.com/jonassiebler/chatmate/internal/manager/lister.go:141.34,144.3 2 0
github.com/jonassiebler/chatmate/internal/manager/lister.go:147.2,150.46 2 0
github.com/jonassiebler/chatmate/internal/manager/lister.go:150.46,153.3 2 0
github.com/jonassiebler/chatmate/internal/manager/lister.go:155.2,156.12 2 0
github.com/jonassiebler/chatmate/internal/manager/lister.go:173.49,175.16 2 0
github.com/jonassiebler/chatmate/internal/manager/lister.go:175.16,177.3 1 0
github.com/jonassiebler/chatmate/internal/manager/lister.go:179.2,180.16 2 0
github.com/jonassiebler/chatmate/internal/manager/lister.go:180.16,182.3 1 0
github.com/jonassiebler/chatmate/internal/manager/lister.go:185.2,186.46 2 0
github.com/jonassiebler/chatmate/internal/manager/lister.go:186.46,188.3 1 0
github.com/jonassiebler/chatmate/internal/manager/lister.go:191.2,192.46 2 0
github.com/jonassiebler/chatmate/internal/manager/lister.go:192.46,193.30 1 0
github.com/jonassiebler/chatmate/internal/manager/lister.go:193.30,195.4 1 0
github.com/jonassiebler/chatmate/internal/manager/lister.go:198.2,200.27 2 0
github.com/jonassiebler/chatmate/internal/manager/lister.go:200.27,203.3 2 0
github.com/jonassiebler/chatmate/internal/manager/lister.go:206.2,209.39 2 0
github.com/jonassiebler/chatmate/internal/manager/lister.go:209.39,212.3 2 0
github.com/jonassiebler/chatmate/internal/manager/lister.go:214.2,215.12 2 0
github.com/jonassiebler/chatmate/internal/manager/lister.go:235.57,236.22 1 0
github.com/jonassiebler/chatmate/internal/manager/lister.go:236.22,238.3 1 0
github.com/jonassiebler/chatmate/internal/manager/lister.go:240.2,241.16 2 0
github.com/jonassiebler/chatmate/internal/manager/lister.go:241.16,243.3 1 0
github.com/jonassiebler/chatmate/internal/manager/lister.go:245.2,246.16 2 0
github.com/jonassiebler/chatmate/internal/manager/lister.go:246.16,248.3 1 0
github.com/jonassiebler/chatmate/internal/manager/lister.go:251.2,252.46 2 0
github.com/jonassiebler/chatmate/internal/manager/lister.go:252.46,254.3 1 0
github.com/jonassiebler/chatmate/internal/manager/lister.go:257.2,260.46 3 0
github.com/jonassiebler/chatmate/internal/manager/lister.go:260.46,262.66 2 0
github.com/jonassiebler/chatmate/internal/manager/lister.go:262.66,264.4 1 0
github.com/jonassiebler/chatmate/internal/manager/lister.go:267.2,269.23 2 0
github.com/jonassiebler/chatmate/internal/manager/lister.go:269.23,272.3 2 0
github.com/jonassiebler/chatmate/internal/manager/lister.go:275.2,278.35 2 0
github.com/jonassiebler/chatmate/internal/manager/lister.go:278.35,281.29 3 0
github.com/jonassiebler/chatmate/internal/manager/lister.go:281.29,283.4 1 0
github.com/jonassiebler/chatmate/internal/manager/lister.go:284.3,284.54 1 0
github.com/jonassiebler/chatmate/internal/manager/lister.go:287.2,288.12 2 0
github.com/jonassiebler/chatmate/internal/manager/status.go:15.64,17.2 1 1
github.com/jonassiebler/chatmate/internal/manager/status.go:33.44,38.28 3 0
github.com/jonassiebler/chatmate/internal/manager/status.go:38.28,40.3 1 0
github.com/jonassiebler/chatmate/internal/manager/status.go:40.8,42.3 1 0
github.com/jonassiebler/chatmate/internal/manager/status.go:45.2,45.65 1 0
github.com/jonassiebler/chatmate/internal/manager/status.go:45.65,47.3 1 0
github.com/jonassiebler/chatmate/internal/manager/status.go:47.8,49.3 1 0
github.com/jonassiebler/chatmate/internal/manager/status.go:52.2,53.16 2 0
github.com/jonassiebler/chatmate/internal/manager/status.go:53.16,55.3 1 0
github.com/jonassiebler/chatmate/internal/manager/status.go:57.2,58.16 2 0
github.com/jonassiebler/chatmate/internal/manager/status.go:58.16,60.3 1 0
github.com/jonassiebler/chatmate/internal/manager/status.go:63.2,67.33 4 0
github.com/jonassiebler/chatmate/internal/manager/status.go:67.33,70.3 2 0
github.com/jonassiebler/chatmate/internal/manager/status.go:73.2,74.23 2 0
github.com/jonassiebler/chatmate/internal/manager/status.go:74.23,76.3 1 0
github.com/jonassiebler/chatmate/internal/manager/status.go:79.2,85.12 4 0
github.com/jonassiebler/chatmate/internal/manager/status.go:96.38,102.2 5 0
github.com/jonassiebler/chatmate/internal/manager/status.go:105.79,107.37 2 0
github.com/jonassiebler/chatmate/internal/manager/status.go:107.37,109.3 1 0
github.com/jonassiebler/chatmate/internal/manager/status.go:111.2,112.37 2 0
github.com/jonassiebler/chatmate/internal/manager/status.go:112.37,113.30 1 0
github.com/jonassiebler/chatmate/internal/manager/status.go:113.30,115.4 1 0
github.com/jonassiebler/chatmate/internal/manager/status.go:118.2,118.22 1 0
github.com/jonassiebler/chatmate/internal/manager/status.go:122.46,125.2 2 0
github.com/jonassiebler/chatmate/internal/manager/uninstaller.go:18.74,20.2 1 1
github.com/jonassiebler/chatmate/internal/manager/uninstaller.go:36.51,38.16 2 0
github.com/jonassiebler/chatmate/internal/manager/uninstaller.go:38.16,40.3 1 0
github.com/jonassiebler/chatmate/internal/manager/uninstaller.go:42.2,42.34 1 0
github.com/jonassiebler/chatmate/internal/manager/uninstaller.go:42.34,45.3 2 0
github.com/jonassiebler/chatmate/internal/manager/uninstaller.go:47.2,49.46 2 0
github.com/jonassiebler/chatmate/internal/manager/uninstaller.go:49.46,50.55 1 0
github.com/jonassiebler/chatmate/internal/manager/uninstaller.go:50.55,52.4 1 0
github.com/jonassiebler/chatmate/internal/manager/uninstaller.go:55.2,56.12 2 0
github.com/jonassiebler/chatmate/internal/manager/uninstaller.go:78.75,79.26 1 0
github.com/jonassiebler/chatmate/internal/manager/uninstaller.go:79.26,82.3 2 0
github.com/jonassiebler/chatmate/internal/manager/uninstaller.go:84.2,85.16 2 0
github.com/jonassiebler/chatmate/internal/manager/uninstaller.go:85.16,87.3 1 0
github.com/jonassiebler/chatmate/internal/manager/uninstaller.go:90.2,91.46 2 0
github.com/jonassiebler/chatmate/internal/manager/uninstaller.go:91.46,94.3 2 0
github.com/jonassiebler/chatmate/internal/manager/uninstaller.go:96.2,99.39 2 0
github.com/jonassiebler/chatmate/internal/manager/uninstaller.go:99.39,100.58 1 0
github.com/jonassiebler/chatmate/internal/manager/uninstaller.go:100.58,101.56 1 0
github.com/jonassiebler/chatmate/internal/manager/uninstaller.go:101.56,103.5 1 0
github.com/jonassiebler/chatmate/internal/manager/uninstaller.go:104.9,106.4 1 0
github.com/jonassiebler/chatmate/internal/manager/uninstaller.go:109.2,109.12 1 0
github.com/jonassiebler/chatmate/internal/manager/uninstaller.go:127.71,129.68 1 1
github.com/jonassiebler/chatmate/internal/manager/uninstaller.go:129.68,131.3 1 0
github.com/jonassiebler/chatmate/internal/manager/uninstaller.go:134.2,134.58 1 1
github.com/jonassiebler/chatmate/internal/manager/uninstaller.go:134.58,136.3 1 0
github.com/jonassiebler/chatmate/internal/manager/uninstaller.go:139.2,144.53 3 1
github.com/jonassiebler/chatmate/internal/manager/uninstaller.go:144.53,147.3 2 1
github.com/jonassiebler/chatmate/internal/manager/uninstaller.go:150.2,150.44 1 1
github.com/jonassiebler/chatmate/internal/manager/uninstaller.go:150.44,152.3 1 0
github.com/jonassiebler/chatmate/internal/manager/uninstaller.go:154.2,155.12 2 1
github.com/jonassiebler/chatmate/internal/manager/uninstaller.go:175.66,177.16 2 0
github.com/jonassiebler/chatmate/internal/manager/uninstaller.go:177.16,179.3 1 0
github.com/jonassiebler/chatmate/internal/manager/uninstaller.go:181.2,182.16 2 0
github.com/jonassiebler/chatmate/internal/manager/uninstaller.go:182.16,184.3 1 0
github.com/jonassiebler/chatmate/internal/manager/uninstaller.go:187.2,188.46 2 0
github.com/jonassiebler/chatmate/internal/manager/uninstaller.go:188.46,190.3 1 0
github.com/jonassiebler/chatmate/internal/manager/uninstaller.go:193.2,194.47 2 0
github.com/jonassiebler/chatmate/internal/manager/uninstaller.go:194.47,195.31 1 0
github.com/jonassiebler/chatmate/internal/manager/uninstaller.go:195.31,197.4 1 0
github.com/jonassiebler/chatmate/internal/manager/uninstaller.go:200.2,200.24 1 0
github.com/jonassiebler/chatmate/internal/manager/uninstaller.go:200.24,203.3 2 0
github.com/jonassiebler/chatmate/internal/manager/uninstaller.go:205.2,208.36 2 0
github.com/jonassiebler/chatmate/internal/manager/uninstaller.go:208.36,209.55 1 0
github.com/jonassiebler/chatmate/internal/manager/uninstaller.go:209.55,211.4 1 0
github.com/jonassiebler/chatmate/internal/manager/uninstaller.go:214.2,215.27 2 0
github.com/jonassiebler/chatmate/internal/manager/validator.go:19.70,21.2 1 1
github.com/jonassiebler/chatmate/internal/manager/validator.go:43.65,47.53 2 0
github.com/jonassiebler/chatmate/internal/manager/validator.go:47.53,49.3 1 0
github.com/jonassiebler/chatmate/internal/manager/validator.go:52.2,52.55 1 0
github.com/jonassiebler/chatmate/internal/manager/validator.go:52.55,54.3 1 0
github.com/jonassiebler/chatmate/internal/manager/validator.go:57.2,57.55 1 0
github.com/jonassiebler/chatmate/internal/manager/validator.go:57.55,59.3 1 0
github.com/jonassiebler/chatmate/internal/manager/validator.go:62.2,62.50 1 0
github.com/jonassiebler/chatmate/internal/manager/validator.go:62.50,64.3 1 0
github.com/jonassiebler/chatmate/internal/manager/validator.go:66.2,67.18 2 0
github.com/jonassiebler/chatmate/internal/manager/validator.go:89.76,91.68 1 0
github.com/jonassiebler/chatmate/internal/manager/validator.go:91.68,93.3 1 0
github.com/jonassiebler/chatmate/internal/manager/validator.go:96.2,96.82 1 0
github.com/jonassiebler/chatmate/internal/manager/validator.go:96.82,98.3 1 0
github.com/jonassiebler/chatmate/internal/manager/validator.go:101.2,102.16 2 0
github.com/jonassiebler/chatmate/internal/manager/validator.go:102.16,104.3 1 0
github.com/jonassiebler/chatmate/internal/manager/validator.go:106.2,107.47 2 0
github.com/jonassiebler/chatmate/internal/manager/validator.go:107.47,108.28 1 0
github.com/jonassiebler/chatmate/internal/manager/validator.go:108.28,110.9 2 0
github.com/jonassiebler/chatmate/internal/manager/validator.go:114.2,114.12 1 0
github.com/jonassiebler/chatmate/internal/manager/validator.go:114.12,116.3 1 0
github.com/jonassiebler/chatmate/internal/manager/validator.go:119.2,120.45 2 0
github.com/jonassiebler/chatmate/internal/manager/validator.go:120.45,122.17 2 0
github.com/jonassiebler/chatmate/internal/manager/validator.go:122.17,124.4 1 0
github.com/jonassiebler/chatmate/internal/manager/validator.go:126.3,126.79 1 0
github.com/jonassiebler/chatmate/internal/manager/validator.go:126.79,128.4 1 0
github.com/jonassiebler/chatmate/internal/manager/validator.go:131.3,132.43 2 0
github.com/jonassiebler/chatmate/internal/manager/validator.go:132.43,134.4 1 0
github.com/jonassiebler/chatmate/internal/manager/validator.go:137.2,137.18 1 0
github.com/jonassiebler/chatmate/internal/manager/validator.go:141.61,146.24 3 0
github.com/jonassiebler/chatmate/internal/manager/validator.go:146.24,148.3 1 0
github.com/jonassiebler/chatmate/internal/manager/validator.go:149.2,149.16 1 0
github.com/jonassiebler/chatmate/internal/manager/validator.go:149.16,151.3 1 0
github.com/jonassiebler/chatmate/internal/manager/validator.go:154.2,154.19 1 0
github.com/jonassiebler/chatmate/internal/manager/validator.go:154.19,156.3 1 0
github.com/jonassiebler/chatmate/internal/manager/validator.go:159.2,159.74 1 0
github.com/jonassiebler/chatmate/internal/manager/validator.go:159.74,161.3 1 0
github.com/jonassiebler/chatmate/internal/manager/validator.go:163.2,164.12 2 0
github.com/jonassiebler/chatmate/internal/manager/validator.go:168.63,172.16 3 0
github.com/jonassiebler/chatmate/internal/manager/validator.go:172.16,174.3 1 0
github.com/jonassiebler/chatmate/internal/manager/validator.go:176.2,176.34 1 0
github.com/jonassiebler/chatmate/internal/manager/validator.go:176.34,178.3 1 0
github.com/jonassiebler/chatmate/internal/manager/validator.go:181.2,181.46 1 0
github.com/jonassiebler/chatmate/internal/manager/validator.go:181.46,182.69 1 0
github.com/jonassiebler/chatmate/internal/manager/validator.go:182.69,184.4 1 0
github.com/jonassiebler/chatmate/internal/manager/validator.go:187.2,188.12 2 0
github.com/jonassiebler/chatmate/internal/manager/validator.go:192.63,196.16 3 0
github.com/jonassiebler/chatmate/internal/manager/validator.go:196.16,198.3 1 0
github.com/jonassiebler/chatmate/internal/manager/validator.go:201.2,201.46 1 0
github.com/jonassiebler/chatmate/internal/manager/validator.go:201.46,202.57 1 0
github.com/jonassiebler/chatmate/internal/manager/validator.go:202.57,204.4 1 0
github.com/jonassiebler/chatmate/internal/manager/validator.go:207.2,208.12 2 0
github.com/jonassiebler/chatmate/internal/manager/validator.go:212.58,216.16 3 0
github.com/jonassiebler/chatmate/internal/manager/validator.go:216.16,218.3 1 0
github.com/jonassiebler/chatmate/internal/manager/validator.go:220.2,221.16 2 0
github.com/jonassiebler/chatmate/internal/manager/validator.go:221.16,223.3 1 0
github.com/jonassiebler/chatmate/internal/manager/validator.go:225.2,226.23 2 0
github.com/jonassiebler/chatmate/internal/manager/validator.go:226.23,228.3 1 0
github.com/jonassiebler/chatmate/internal/manager/validator.go:228.8,230.3 1 0
github.com/jonassiebler/chatmate/internal/manager/validator.go:232.2,232.12 1 0
github.com/jonassiebler/chatmate/internal/manager/validator.go:236.82,238.37 2 0
github.com/jonassiebler/chatmate/internal/manager/validator.go:238.37,240.3 1 0
github.com/jonassiebler/chatmate/internal/manager/validator.go:242.2,243.37 2 0
github.com/jonassiebler/chatmate/internal/manager/validator.go:243.37,244.30 1 0
github.com/jonassiebler/chatmate/internal/manager/validator.go:244.30,246.4 1 0
github.com/jonassiebler/chatmate/internal/manager/validator.go:249.2,249.22 1 0
github.com/jonassiebler/chatmate/internal/manager/validator.go:253.72,257.16 3 0
github.com/jonassiebler/chatmate/internal/manager/validator.go:257.16,259.3 1 0
github.com/jonassiebler/chatmate/internal/manager/validator.go:260.2,263.44 2 0
github.com/jonassiebler/chatmate/internal/manager/validator.go:263.44,265.3 1 0
github.com/jonassiebler/chatmate/internal/manager/validator.go:267.2,267.12 1 0
